"Start of log file."
"D:/??/Doseria-Stories/Doseria-Stories/Assets/3D/UVM1.max"
"Starting max loading and fbx conversion"
window = undefined
"Settings units"
"Before fbx export"
"After fbx export"
"Finished max loading and fbx conversion"
"D:/??/Doseria-Stories/Doseria-Stories/Assets/3D/Angelu.max"
"Starting max loading and fbx conversion"
window = undefined
"Settings units"
"Before fbx export"
"After fbx export"
"Finished max loading and fbx conversion"
"D:/??/Doseria-Stories/Doseria-Stories/Assets/3D/Angelu.max"
"Starting max loading and fbx conversion"
window = undefined
"Settings units"
"Before fbx export"
"After fbx export"
"Finished max loading and fbx conversion"
"D:/??/Doseria-Stories/Doseria-Stories/Assets/3D/Angelu.max"
"Starting max loading and fbx conversion"
window = undefined
"Settings units"
"Before fbx export"
"After fbx export"
"Finished max loading and fbx conversion"
"D:/??/Doseria-Stories/Doseria-Stories/Assets/3D/Angelu.max"
"Starting max loading and fbx conversion"
window = undefined
"Settings units"
"Before fbx export"
"After fbx export"
"Finished max loading and fbx conversion"
"D:/??/Doseria-Stories/Doseria-Stories/Assets/3D/Angelu.max"
"Starting max loading and fbx conversion"
window = undefined
"Settings units"
"Before fbx export"
"After fbx export"
"Finished max loading and fbx conversion"
"D:/??/Doseria-Stories/Doseria-Stories/Assets/3D/Angelu.max"
"Starting max loading and fbx conversion"
window = undefined
"Settings units"
"Before fbx export"
"After fbx export"
"Finished max loading and fbx conversion"
"D:/??/Doseria-Stories/Doseria-Stories/Assets/3D/Angelu.max"
"Starting max loading and fbx conversion"
window = undefined
"Settings units"
"Before fbx export"
"After fbx export"
"Finished max loading and fbx conversion"
